D:\Program Files\Microsoft Visual Studio\2022\Community\MSBuild\Microsoft\VC\v170\Microsoft.CppBuild.targets(1119,5): warning MSB8027: 名为 CMakeCXXCompilerId.cpp 的两个或更多文件将生成到同一位置的输出。这会导致错误的生成结果。   调用的文件是 thirdparty\cpp-httplib\build\cmakefiles\3.27.1\compileridcxx\CMakeCXXCompilerId.cpp, thirdparty\jsoncpp\build\cmakefiles\3.27.1\compileridcxx\CMakeCXXCompilerId.cpp。
D:\Program Files\Microsoft Visual Studio\2022\Community\MSBuild\Microsoft\VC\v170\Microsoft.CppBuild.targets(1119,5): warning MSB8027: 名为 main.cpp 的两个或更多文件将生成到同一位置的输出。这会导致错误的生成结果。   调用的文件是 thirdparty\jsoncpp\src\jsontestrunner\main.cpp, thirdparty\jsoncpp\src\test_lib_json\main.cpp。
  parse_json.cpp
D:\WorkSpace\ParsingJsonData\parse_json.cpp(1,1): warning C4819: 该文件包含不能在当前代码页(936)中表示的字符。请将该文件保存为 Unicode 格式以防止数据丢失
D:\WorkSpace\ParsingJsonData\parse_json.cpp(28,70): warning C4244: “=”: 从“double”转换到“int”，可能丢失数据
D:\WorkSpace\ParsingJsonData\parse_json.cpp(29,68): warning C4244: “=”: 从“double”转换到“int”，可能丢失数据
D:\WorkSpace\ParsingJsonData\parse_json.cpp(30,60): warning C4244: “=”: 从“double”转换到“int”，可能丢失数据
  CMakeCXXCompilerId.cpp
  benchmark.cc
  client.cc
  hello.cc
  redirect.cc
  server.cc
  simplecli.cc
  simplesvr.cc
  ssecli.cc
  ssesvr.cc
  upload.cc
  server_fuzzer.cc
  standalone_fuzz_target_runner.cpp
  gtest-all.cc
  gtest_main.cc
D:\WorkSpace\ParsingJsonData\thirdparty\cpp-httplib\test\gtest\gtest-all.cc(38,10): error C1083: 无法打开包括文件: “gtest/gtest.h”: No such file or directory
D:\WorkSpace\ParsingJsonData\thirdparty\cpp-httplib\test\gtest\gtest_main.cc(31,10): error C1083: 无法打开包括文件: “gtest/gtest.h”: No such file or directory
  include_httplib.cc
  test.cc
D:\WorkSpace\ParsingJsonData\thirdparty\cpp-httplib\test\test.cc(1,1): warning C4819: 该文件包含不能在当前代码页(936)中表示的字符。请将该文件保存为 Unicode 格式以防止数据丢失
D:\WorkSpace\ParsingJsonData\thirdparty\cpp-httplib\test\test.cc(4,10): error C1083: 无法打开包括文件: “gtest/gtest.h”: No such file or directory
  test_proxy.cc
D:\WorkSpace\ParsingJsonData\thirdparty\cpp-httplib\test\test_proxy.cc(2,10): error C1083: 无法打开包括文件: “gtest/gtest.h”: No such file or directory
  CMakeCXXCompilerId.cpp
  正在生成代码...
  正在编译...
  readFromStream.cpp
  readFromString.cpp
  streamWrite.cpp
  stringWrite.cpp
  main.cpp
  json_reader.cpp
  json_value.cpp
  json_writer.cpp
  fuzz.cpp
  jsontest.cpp
  main.cpp
D:\WorkSpace\ParsingJsonData\thirdparty\jsoncpp\src\test_lib_json\main.cpp(168,3): warning C4838: 从“long”转换到“unsigned int”需要收缩转换
D:\WorkSpace\ParsingJsonData\thirdparty\jsoncpp\src\test_lib_json\main.cpp(169,3): warning C4838: 从“long”转换到“unsigned int”需要收缩转换
D:\WorkSpace\ParsingJsonData\thirdparty\jsoncpp\src\test_lib_json\main.cpp(170,3): warning C4838: 从“long”转换到“unsigned int”需要收缩转换
D:\WorkSpace\ParsingJsonData\thirdparty\jsoncpp\src\test_lib_json\main.cpp(171,3): warning C4838: 从“long”转换到“unsigned int”需要收缩转换
D:\WorkSpace\ParsingJsonData\thirdparty\jsoncpp\src\test_lib_json\main.cpp(172,3): warning C4838: 从“long”转换到“unsigned int”需要收缩转换
D:\WorkSpace\ParsingJsonData\thirdparty\jsoncpp\src\test_lib_json\main.cpp(173,3): warning C4838: 从“long”转换到“unsigned int”需要收缩转换
D:\WorkSpace\ParsingJsonData\thirdparty\jsoncpp\src\test_lib_json\main.cpp(174,3): warning C4838: 从“long”转换到“unsigned int”需要收缩转换
D:\WorkSpace\ParsingJsonData\thirdparty\jsoncpp\src\test_lib_json\main.cpp(175,3): warning C4838: 从“long”转换到“unsigned int”需要收缩转换
D:\WorkSpace\ParsingJsonData\thirdparty\jsoncpp\src\test_lib_json\main.cpp(176,3): warning C4838: 从“long”转换到“unsigned int”需要收缩转换
D:\WorkSpace\ParsingJsonData\thirdparty\jsoncpp\src\test_lib_json\main.cpp(177,3): warning C4838: 从“long”转换到“unsigned int”需要收缩转换
D:\WorkSpace\ParsingJsonData\thirdparty\jsoncpp\src\test_lib_json\main.cpp(178,3): warning C4838: 从“long”转换到“unsigned int”需要收缩转换
D:\WorkSpace\ParsingJsonData\thirdparty\jsoncpp\src\test_lib_json\main.cpp(179,3): warning C4838: 从“long”转换到“unsigned int”需要收缩转换
D:\WorkSpace\ParsingJsonData\thirdparty\jsoncpp\src\test_lib_json\main.cpp(180,3): warning C4838: 从“long”转换到“unsigned int”需要收缩转换
D:\WorkSpace\ParsingJsonData\thirdparty\jsoncpp\src\test_lib_json\main.cpp(181,3): warning C4838: 从“long”转换到“unsigned int”需要收缩转换
D:\WorkSpace\ParsingJsonData\thirdparty\jsoncpp\src\test_lib_json\main.cpp(182,3): warning C4838: 从“long”转换到“unsigned int”需要收缩转换
D:\WorkSpace\ParsingJsonData\thirdparty\jsoncpp\src\test_lib_json\main.cpp(189,3): warning C4838: 从“long”转换到“unsigned int”需要收缩转换
D:\WorkSpace\ParsingJsonData\thirdparty\jsoncpp\src\test_lib_json\main.cpp(190,3): warning C4838: 从“long”转换到“unsigned int”需要收缩转换
D:\WorkSpace\ParsingJsonData\thirdparty\jsoncpp\src\test_lib_json\main.cpp(287,3): warning C4838: 从“long”转换到“unsigned int”需要收缩转换
D:\WorkSpace\ParsingJsonData\thirdparty\jsoncpp\src\test_lib_json\main.cpp(288,3): warning C4838: 从“long”转换到“unsigned int”需要收缩转换
D:\WorkSpace\ParsingJsonData\thirdparty\jsoncpp\src\test_lib_json\main.cpp(469,3): warning C4838: 从“long”转换到“unsigned int”需要收缩转换
D:\WorkSpace\ParsingJsonData\thirdparty\jsoncpp\src\test_lib_json\main.cpp(502,3): warning C4838: 从“long”转换到“unsigned int”需要收缩转换
D:\WorkSpace\ParsingJsonData\thirdparty\jsoncpp\src\test_lib_json\main.cpp(503,3): warning C4838: 从“long”转换到“unsigned int”需要收缩转换
D:\WorkSpace\ParsingJsonData\thirdparty\jsoncpp\src\test_lib_json\main.cpp(504,3): warning C4838: 从“long”转换到“unsigned int”需要收缩转换
D:\WorkSpace\ParsingJsonData\thirdparty\jsoncpp\src\test_lib_json\main.cpp(531,3): warning C4838: 从“long”转换到“unsigned int”需要收缩转换
D:\WorkSpace\ParsingJsonData\thirdparty\jsoncpp\src\test_lib_json\main.cpp(532,3): warning C4838: 从“long”转换到“unsigned int”需要收缩转换
D:\WorkSpace\ParsingJsonData\thirdparty\jsoncpp\src\test_lib_json\main.cpp(604,3): warning C4838: 从“long”转换到“unsigned int”需要收缩转换
D:\WorkSpace\ParsingJsonData\thirdparty\jsoncpp\src\test_lib_json\main.cpp(632,3): warning C4838: 从“long”转换到“unsigned int”需要收缩转换
D:\WorkSpace\ParsingJsonData\thirdparty\jsoncpp\src\test_lib_json\main.cpp(664,3): warning C4838: 从“long”转换到“unsigned int”需要收缩转换
D:\WorkSpace\ParsingJsonData\thirdparty\jsoncpp\src\test_lib_json\main.cpp(688,3): warning C4838: 从“long”转换到“unsigned int”需要收缩转换
D:\WorkSpace\ParsingJsonData\thirdparty\jsoncpp\src\test_lib_json\main.cpp(716,3): warning C4838: 从“long”转换到“unsigned int”需要收缩转换
D:\WorkSpace\ParsingJsonData\thirdparty\jsoncpp\src\test_lib_json\main.cpp(744,3): warning C4838: 从“long”转换到“unsigned int”需要收缩转换
D:\WorkSpace\ParsingJsonData\thirdparty\jsoncpp\src\test_lib_json\main.cpp(771,3): warning C4838: 从“long”转换到“unsigned int”需要收缩转换
D:\WorkSpace\ParsingJsonData\thirdparty\jsoncpp\src\test_lib_json\main.cpp(799,3): warning C4838: 从“long”转换到“unsigned int”需要收缩转换
D:\WorkSpace\ParsingJsonData\thirdparty\jsoncpp\src\test_lib_json\main.cpp(827,3): warning C4838: 从“long”转换到“unsigned int”需要收缩转换
D:\WorkSpace\ParsingJsonData\thirdparty\jsoncpp\src\test_lib_json\main.cpp(855,3): warning C4838: 从“long”转换到“unsigned int”需要收缩转换
D:\WorkSpace\ParsingJsonData\thirdparty\jsoncpp\src\test_lib_json\main.cpp(881,3): warning C4838: 从“long”转换到“unsigned int”需要收缩转换
D:\WorkSpace\ParsingJsonData\thirdparty\jsoncpp\src\test_lib_json\main.cpp(907,3): warning C4838: 从“long”转换到“unsigned int”需要收缩转换
D:\WorkSpace\ParsingJsonData\thirdparty\jsoncpp\src\test_lib_json\main.cpp(932,3): warning C4838: 从“long”转换到“unsigned int”需要收缩转换
D:\WorkSpace\ParsingJsonData\thirdparty\jsoncpp\src\test_lib_json\main.cpp(1017,3): warning C4838: 从“long”转换到“unsigned int”需要收缩转换
D:\WorkSpace\ParsingJsonData\thirdparty\jsoncpp\src\test_lib_json\main.cpp(1043,3): warning C4838: 从“long”转换到“unsigned int”需要收缩转换
D:\WorkSpace\ParsingJsonData\thirdparty\jsoncpp\src\test_lib_json\main.cpp(1069,3): warning C4838: 从“long”转换到“unsigned int”需要收缩转换
D:\WorkSpace\ParsingJsonData\thirdparty\jsoncpp\src\test_lib_json\main.cpp(1096,3): warning C4838: 从“long”转换到“unsigned int”需要收缩转换
D:\WorkSpace\ParsingJsonData\thirdparty\jsoncpp\src\test_lib_json\main.cpp(1120,3): warning C4838: 从“long”转换到“unsigned int”需要收缩转换
D:\WorkSpace\ParsingJsonData\thirdparty\jsoncpp\src\test_lib_json\main.cpp(1146,3): warning C4838: 从“long”转换到“unsigned int”需要收缩转换
D:\WorkSpace\ParsingJsonData\thirdparty\jsoncpp\src\test_lib_json\main.cpp(1172,3): warning C4838: 从“long”转换到“unsigned int”需要收缩转换
D:\WorkSpace\ParsingJsonData\thirdparty\jsoncpp\src\test_lib_json\main.cpp(1196,3): warning C4838: 从“long”转换到“unsigned int”需要收缩转换
D:\WorkSpace\ParsingJsonData\thirdparty\jsoncpp\src\test_lib_json\main.cpp(1222,3): warning C4838: 从“long”转换到“unsigned int”需要收缩转换
D:\WorkSpace\ParsingJsonData\thirdparty\jsoncpp\src\test_lib_json\main.cpp(1246,3): warning C4838: 从“long”转换到“unsigned int”需要收缩转换
D:\WorkSpace\ParsingJsonData\thirdparty\jsoncpp\src\test_lib_json\main.cpp(1269,3): warning C4838: 从“long”转换到“unsigned int”需要收缩转换
D:\WorkSpace\ParsingJsonData\thirdparty\jsoncpp\src\test_lib_json\main.cpp(1291,3): warning C4838: 从“long”转换到“unsigned int”需要收缩转换
D:\WorkSpace\ParsingJsonData\thirdparty\jsoncpp\src\test_lib_json\main.cpp(1318,3): warning C4838: 从“long”转换到“unsigned int”需要收缩转换
D:\WorkSpace\ParsingJsonData\thirdparty\jsoncpp\src\test_lib_json\main.cpp(1346,3): warning C4838: 从“long”转换到“unsigned int”需要收缩转换
D:\WorkSpace\ParsingJsonData\thirdparty\jsoncpp\src\test_lib_json\main.cpp(1372,3): warning C4838: 从“long”转换到“unsigned int”需要收缩转换
D:\WorkSpace\ParsingJsonData\thirdparty\jsoncpp\src\test_lib_json\main.cpp(1403,3): warning C4838: 从“long”转换到“unsigned int”需要收缩转换
D:\WorkSpace\ParsingJsonData\thirdparty\jsoncpp\src\test_lib_json\main.cpp(1432,3): warning C4838: 从“long”转换到“unsigned int”需要收缩转换
D:\WorkSpace\ParsingJsonData\thirdparty\jsoncpp\src\test_lib_json\main.cpp(1503,3): warning C4838: 从“long”转换到“unsigned int”需要收缩转换
D:\WorkSpace\ParsingJsonData\thirdparty\jsoncpp\src\test_lib_json\main.cpp(1530,3): warning C4838: 从“long”转换到“unsigned int”需要收缩转换
D:\WorkSpace\ParsingJsonData\thirdparty\jsoncpp\src\test_lib_json\main.cpp(1531,3): warning C4838: 从“long”转换到“unsigned int”需要收缩转换
D:\WorkSpace\ParsingJsonData\thirdparty\jsoncpp\src\test_lib_json\main.cpp(1533,3): warning C4838: 从“long”转换到“unsigned int”需要收缩转换
D:\WorkSpace\ParsingJsonData\thirdparty\jsoncpp\src\test_lib_json\main.cpp(1538,3): warning C4838: 从“long”转换到“unsigned int”需要收缩转换
D:\WorkSpace\ParsingJsonData\thirdparty\jsoncpp\src\test_lib_json\main.cpp(1539,3): warning C4838: 从“long”转换到“unsigned int”需要收缩转换
D:\WorkSpace\ParsingJsonData\thirdparty\jsoncpp\src\test_lib_json\main.cpp(1540,1): warning C4819: 该文件包含不能在当前代码页(936)中表示的字符。请将该文件保存为 Unicode 格式以防止数据丢失
D:\WorkSpace\ParsingJsonData\thirdparty\jsoncpp\src\test_lib_json\main.cpp(1540,3): warning C4838: 从“long”转换到“unsigned int”需要收缩转换
D:\WorkSpace\ParsingJsonData\thirdparty\jsoncpp\src\test_lib_json\main.cpp(1541,3): warning C4838: 从“long”转换到“unsigned int”需要收缩转换
D:\WorkSpace\ParsingJsonData\thirdparty\jsoncpp\src\test_lib_json\main.cpp(1545,3): warning C4838: 从“long”转换到“unsigned int”需要收缩转换
D:\WorkSpace\ParsingJsonData\thirdparty\jsoncpp\src\test_lib_json\main.cpp(1546,3): warning C4838: 从“long”转换到“unsigned int”需要收缩转换
D:\WorkSpace\ParsingJsonData\thirdparty\jsoncpp\src\test_lib_json\main.cpp(1547,3): warning C4838: 从“long”转换到“unsigned int”需要收缩转换
D:\WorkSpace\ParsingJsonData\thirdparty\jsoncpp\src\test_lib_json\main.cpp(1551,3): warning C4838: 从“long”转换到“unsigned int”需要收缩转换
D:\WorkSpace\ParsingJsonData\thirdparty\jsoncpp\src\test_lib_json\main.cpp(1552,3): warning C4838: 从“long”转换到“unsigned int”需要收缩转换
D:\WorkSpace\ParsingJsonData\thirdparty\jsoncpp\src\test_lib_json\main.cpp(1553,3): warning C4838: 从“long”转换到“unsigned int”需要收缩转换
D:\WorkSpace\ParsingJsonData\thirdparty\jsoncpp\src\test_lib_json\main.cpp(1554,3): warning C4838: 从“long”转换到“unsigned int”需要收缩转换
D:\WorkSpace\ParsingJsonData\thirdparty\jsoncpp\src\test_lib_json\main.cpp(1558,3): warning C4838: 从“long”转换到“unsigned int”需要收缩转换
D:\WorkSpace\ParsingJsonData\thirdparty\jsoncpp\src\test_lib_json\main.cpp(1559,3): warning C4838: 从“long”转换到“unsigned int”需要收缩转换
D:\WorkSpace\ParsingJsonData\thirdparty\jsoncpp\src\test_lib_json\main.cpp(1560,3): warning C4838: 从“long”转换到“unsigned int”需要收缩转换
D:\WorkSpace\ParsingJsonData\thirdparty\jsoncpp\src\test_lib_json\main.cpp(1561,3): warning C4838: 从“long”转换到“unsigned int”需要收缩转换
D:\WorkSpace\ParsingJsonData\thirdparty\jsoncpp\src\test_lib_json\main.cpp(1562,3): warning C4838: 从“long”转换到“unsigned int”需要收缩转换
D:\WorkSpace\ParsingJsonData\thirdparty\jsoncpp\src\test_lib_json\main.cpp(1563,3): warning C4838: 从“long”转换到“unsigned int”需要收缩转换
D:\WorkSpace\ParsingJsonData\thirdparty\jsoncpp\src\test_lib_json\main.cpp(1564,3): warning C4838: 从“long”转换到“unsigned int”需要收缩转换
D:\WorkSpace\ParsingJsonData\thirdparty\jsoncpp\src\test_lib_json\main.cpp(1565,3): warning C4838: 从“long”转换到“unsigned int”需要收缩转换
D:\WorkSpace\ParsingJsonData\thirdparty\jsoncpp\src\test_lib_json\main.cpp(1569,3): warning C4838: 从“long”转换到“unsigned int”需要收缩转换
D:\WorkSpace\ParsingJsonData\thirdparty\jsoncpp\src\test_lib_json\main.cpp(1570,3): warning C4838: 从“long”转换到“unsigned int”需要收缩转换
D:\WorkSpace\ParsingJsonData\thirdparty\jsoncpp\src\test_lib_json\main.cpp(1571,3): warning C4838: 从“long”转换到“unsigned int”需要收缩转换
D:\WorkSpace\ParsingJsonData\thirdparty\jsoncpp\src\test_lib_json\main.cpp(1587,3): warning C4838: 从“long”转换到“unsigned int”需要收缩转换
D:\WorkSpace\ParsingJsonData\thirdparty\jsoncpp\src\test_lib_json\main.cpp(1588,3): warning C4838: 从“long”转换到“unsigned int”需要收缩转换
D:\WorkSpace\ParsingJsonData\thirdparty\jsoncpp\src\test_lib_json\main.cpp(1589,3): warning C4838: 从“long”转换到“unsigned int”需要收缩转换
D:\WorkSpace\ParsingJsonData\thirdparty\jsoncpp\src\test_lib_json\main.cpp(1590,3): warning C4838: 从“long”转换到“unsigned int”需要收缩转换
D:\WorkSpace\ParsingJsonData\thirdparty\jsoncpp\src\test_lib_json\main.cpp(1591,3): warning C4838: 从“long”转换到“unsigned int”需要收缩转换
D:\WorkSpace\ParsingJsonData\thirdparty\jsoncpp\src\test_lib_json\main.cpp(1592,3): warning C4838: 从“long”转换到“unsigned int”需要收缩转换
D:\WorkSpace\ParsingJsonData\thirdparty\jsoncpp\src\test_lib_json\main.cpp(1593,3): warning C4838: 从“long”转换到“unsigned int”需要收缩转换
D:\WorkSpace\ParsingJsonData\thirdparty\jsoncpp\src\test_lib_json\main.cpp(1594,3): warning C4838: 从“long”转换到“unsigned int”需要收缩转换
D:\WorkSpace\ParsingJsonData\thirdparty\jsoncpp\src\test_lib_json\main.cpp(1595,3): warning C4838: 从“long”转换到“unsigned int”需要收缩转换
D:\WorkSpace\ParsingJsonData\thirdparty\jsoncpp\src\test_lib_json\main.cpp(1596,3): warning C4838: 从“long”转换到“unsigned int”需要收缩转换
D:\WorkSpace\ParsingJsonData\thirdparty\jsoncpp\src\test_lib_json\main.cpp(1612,3): warning C4838: 从“long”转换到“unsigned int”需要收缩转换
D:\WorkSpace\ParsingJsonData\thirdparty\jsoncpp\src\test_lib_json\main.cpp(1613,3): warning C4838: 从“long”转换到“unsigned int”需要收缩转换
D:\WorkSpace\ParsingJsonData\thirdparty\jsoncpp\src\test_lib_json\main.cpp(1614,3): warning C4838: 从“long”转换到“unsigned int”需要收缩转换
D:\WorkSpace\ParsingJsonData\thirdparty\jsoncpp\src\test_lib_json\main.cpp(1615,3): warning C4838: 从“long”转换到“unsigned int”需要收缩转换
D:\WorkSpace\ParsingJsonData\thirdparty\jsoncpp\src\test_lib_json\main.cpp(1616,3): warning C4838: 从“long”转换到“unsigned int”需要收缩转换
D:\WorkSpace\ParsingJsonData\thirdparty\jsoncpp\src\test_lib_json\main.cpp(1617,3): warning C4838: 从“long”转换到“unsigned int”需要收缩转换
D:\WorkSpace\ParsingJsonData\thirdparty\jsoncpp\src\test_lib_json\main.cpp(1618,3): warning C4838: 从“long”转换到“unsigned int”需要收缩转换
D:\WorkSpace\ParsingJsonData\thirdparty\jsoncpp\src\test_lib_json\main.cpp(1619,3): warning C4838: 从“long”转换到“unsigned int”需要收缩转换
D:\WorkSpace\ParsingJsonData\thirdparty\jsoncpp\src\test_lib_json\main.cpp(1620,3): warning C4838: 从“long”转换到“unsigned int”需要收缩转换
D:\WorkSpace\ParsingJsonData\thirdparty\jsoncpp\src\test_lib_json\main.cpp(1632,5): warning C4838: 从“long”转换到“unsigned int”需要收缩转换
D:\WorkSpace\ParsingJsonData\thirdparty\jsoncpp\src\test_lib_json\main.cpp(1633,5): warning C4838: 从“long”转换到“unsigned int”需要收缩转换
D:\WorkSpace\ParsingJsonData\thirdparty\jsoncpp\src\test_lib_json\main.cpp(1634,5): warning C4838: 从“long”转换到“unsigned int”需要收缩转换
D:\WorkSpace\ParsingJsonData\thirdparty\jsoncpp\src\test_lib_json\main.cpp(1635,5): warning C4838: 从“long”转换到“unsigned int”需要收缩转换
D:\WorkSpace\ParsingJsonData\thirdparty\jsoncpp\src\test_lib_json\main.cpp(1636,5): warning C4838: 从“long”转换到“unsigned int”需要收缩转换
D:\WorkSpace\ParsingJsonData\thirdparty\jsoncpp\src\test_lib_json\main.cpp(1637,5): warning C4838: 从“long”转换到“unsigned int”需要收缩转换
D:\WorkSpace\ParsingJsonData\thirdparty\jsoncpp\src\test_lib_json\main.cpp(1638,5): warning C4838: 从“long”转换到“unsigned int”需要收缩转换
D:\WorkSpace\ParsingJsonData\thirdparty\jsoncpp\src\test_lib_json\main.cpp(1644,3): warning C4838: 从“long”转换到“unsigned int”需要收缩转换
D:\WorkSpace\ParsingJsonData\thirdparty\jsoncpp\src\test_lib_json\main.cpp(1645,3): warning C4838: 从“long”转换到“unsigned int”需要收缩转换
D:\WorkSpace\ParsingJsonData\thirdparty\jsoncpp\src\test_lib_json\main.cpp(1646,3): warning C4838: 从“long”转换到“unsigned int”需要收缩转换
D:\WorkSpace\ParsingJsonData\thirdparty\jsoncpp\src\test_lib_json\main.cpp(1647,3): warning C4838: 从“long”转换到“unsigned int”需要收缩转换
D:\WorkSpace\ParsingJsonData\thirdparty\jsoncpp\src\test_lib_json\main.cpp(1648,3): warning C4838: 从“long”转换到“unsigned int”需要收缩转换
D:\WorkSpace\ParsingJsonData\thirdparty\jsoncpp\src\test_lib_json\main.cpp(1649,3): warning C4838: 从“long”转换到“unsigned int”需要收缩转换
D:\WorkSpace\ParsingJsonData\thirdparty\jsoncpp\src\test_lib_json\main.cpp(1651,3): warning C4838: 从“long”转换到“unsigned int”需要收缩转换
D:\WorkSpace\ParsingJsonData\thirdparty\jsoncpp\src\test_lib_json\main.cpp(1666,5): warning C4838: 从“long”转换到“unsigned int”需要收缩转换
D:\WorkSpace\ParsingJsonData\thirdparty\jsoncpp\src\test_lib_json\main.cpp(1667,5): warning C4838: 从“long”转换到“unsigned int”需要收缩转换
D:\WorkSpace\ParsingJsonData\thirdparty\jsoncpp\src\test_lib_json\main.cpp(2347,1): warning C4819: 该文件包含不能在当前代码页(936)中表示的字符。请将该文件保存为 Unicode 格式以防止数据丢失
  正在生成代码...
