d:\workspace\parsingjsondata\x64\debug\vc143.pdb
d:\workspace\parsingjsondata\x64\debug\vc143.idb
d:\workspace\parsingjsondata\x64\debug\parse_json.obj
d:\workspace\parsingjsondata\x64\debug\parsejsondata.exe
d:\workspace\parsingjsondata\x64\debug\parsejsondata.ilk
d:\workspace\parsingjsondata\x64\debug\parsejsondata.pdb
d:\workspace\parsingjsondata\x64\debug\benchmark.obj
d:\workspace\parsingjsondata\x64\debug\client.obj
d:\workspace\parsingjsondata\x64\debug\cmakecxxcompilerid.obj
d:\workspace\parsingjsondata\x64\debug\fuzz.obj
d:\workspace\parsingjsondata\x64\debug\hello.obj
d:\workspace\parsingjsondata\x64\debug\include_httplib.obj
d:\workspace\parsingjsondata\x64\debug\jsontest.obj
d:\workspace\parsingjsondata\x64\debug\json_reader.obj
d:\workspace\parsingjsondata\x64\debug\json_value.obj
d:\workspace\parsingjsondata\x64\debug\json_writer.obj
d:\workspace\parsingjsondata\x64\debug\main.obj
d:\workspace\parsingjsondata\x64\debug\readfromstream.obj
d:\workspace\parsingjsondata\x64\debug\readfromstring.obj
d:\workspace\parsingjsondata\x64\debug\redirect.obj
d:\workspace\parsingjsondata\x64\debug\server.obj
d:\workspace\parsingjsondata\x64\debug\server_fuzzer.obj
d:\workspace\parsingjsondata\x64\debug\simplecli.obj
d:\workspace\parsingjsondata\x64\debug\simplesvr.obj
d:\workspace\parsingjsondata\x64\debug\ssecli.obj
d:\workspace\parsingjsondata\x64\debug\ssesvr.obj
d:\workspace\parsingjsondata\x64\debug\standalone_fuzz_target_runner.obj
d:\workspace\parsingjsondata\x64\debug\streamwrite.obj
d:\workspace\parsingjsondata\x64\debug\stringwrite.obj
d:\workspace\parsingjsondata\x64\debug\upload.obj
d:\workspace\parsingjsondata\x64\debug\parsejsondata.tlog\cl.command.1.tlog
d:\workspace\parsingjsondata\x64\debug\parsejsondata.tlog\cl.items.tlog
d:\workspace\parsingjsondata\x64\debug\parsejsondata.tlog\cl.read.1.tlog
d:\workspace\parsingjsondata\x64\debug\parsejsondata.tlog\cl.write.1.tlog
d:\workspace\parsingjsondata\x64\debug\parsejsondata.tlog\link.command.1.tlog
d:\workspace\parsingjsondata\x64\debug\parsejsondata.tlog\link.read.1.tlog
d:\workspace\parsingjsondata\x64\debug\parsejsondata.tlog\link.write.1.tlog
